{"name":"TC_07_RE_ORDER","status":"broken","statusDetails":{"known":false,"muted":false,"flaky":false,"message":"Multiple failures (2):\nFailure 1 of 2\njava.lang.AssertionError: expected [Shipping Address\nAutoTest9765 JsvNM\nEmail: testing1748@gmail.com\nPhone: 9322156007\nFax:\nKLI4950\nTPLgT,622861352\nViet Nam] but found [Shipping Address\nAutoTest9765 JsvNM\nEmail: testing1748@gmail.com\nPhone: 9322156007\nFax:\nCTY syamo\nKLI4950\nTPLgT,622861352\nViet Nam]\r\n\tat org.testng.Assert.fail(Assert.java:96)\r\n\tat org.testng.Assert.failNotEquals(Assert.java:776)\r\n\tat org.testng.Assert.assertEqualsImpl(Assert.java:137)\r\n\tat org.testng.Assert.assertEquals(Assert.java:118)\r\n\tat org.testng.Assert.assertEquals(Assert.java:442)\r\n\tat commons.BaseTest.checkEquals(BaseTest.java:126)\r\n\tat commons.BaseTest.verifyEquals(BaseTest.java:138)\r\n\tat com.nopcommerce.register.OrderTabTest.TC_07_RE_ORDER(OrderTabTest.java:718)\r\n\tat java.base/jdk.internal.reflect.NativeMethodAccessorImpl.invoke0(Native Method)\r\n\tat java.base/jdk.internal.reflect.NativeMethodAccessorImpl.invoke(NativeMethodAccessorImpl.java:64)\r\n\tat java.base/jdk.internal.reflect.DelegatingMethodAccessorImpl.invoke(DelegatingMethodAccessorImpl.java:43)\r\n\tat java.base/java.lang.reflect.Method.invoke(Method.java:564)\r\n\tat org.testng.internal.MethodInvocationHelper.invokeMethod(MethodInvocationHelper.java:124)\r\n\tat org.testng.internal.Invoker.invokeMethod(Invoker.java:583)\r\n\tat org.testng.internal.Invoker.invokeTestMethod(Invoker.java:719)\r\n\tat org.testng.internal.Invoker.invokeTestMethods(Invoker.java:989)\r\n\tat org.testng.internal.TestMethodWorker.invokeTestMethods(TestMethodWorker.java:125)\r\n\tat org.testng.internal.TestMethodWorker.run(TestMethodWorker.java:109)\r\n\tat org.testng.TestRunner.privateRun(TestRunner.java:648)\r\n\tat org.testng.TestRunner.run(TestRunner.java:505)\r\n\tat org.testng.SuiteRunner.runTest(SuiteRunner.java:455)\r\n\tat org.testng.SuiteRunner.runSequentially(SuiteRunner.java:450)\r\n\tat org.testng.SuiteRunner.privateRun(SuiteRunner.java:415)\r\n\tat org.testng.SuiteRunner.run(SuiteRunner.java:364)\r\n\tat org.testng.SuiteRunnerWorker.runSuite(SuiteRunnerWorker.java:52)\r\n\tat org.testng.SuiteRunnerWorker.run(SuiteRunnerWorker.java:84)\r\n\tat org.testng.TestNG.runSuitesSequentially(TestNG.java:1208)\r\n\tat org.testng.TestNG.runSuitesLocally(TestNG.java:1137)\r\n\tat org.testng.TestNG.runSuites(TestNG.java:1049)\r\n\tat org.testng.TestNG.run(TestNG.java:1017)\r\n\tat org.testng.remote.AbstractRemoteTestNG.run(AbstractRemoteTestNG.java:115)\r\n\tat org.testng.remote.RemoteTestNG.initAndRun(RemoteTestNG.java:251)\r\n\tat org.testng.remote.RemoteTestNG.main(RemoteTestNG.java:77)\r\n\nFailure 2 of 2\njava.lang.AssertionError: expected [Shipping Address\nAutoTest9765 JsvNM\nEmail: testing1748@gmail.com\nPhone: 9322156007\nFax:\nKLI4950\nTPLgT,622861352\nViet Nam] but found [Shipping Address\nAutoTest9765 JsvNM\nEmail: testing1748@gmail.com\nPhone: 9322156007\nFax:\nCTY syamo\nKLI4950\nTPLgT,622861352\nViet Nam]","trace":"java.lang.Throwable: Multiple failures (2):\nFailure 1 of 2\njava.lang.AssertionError: expected [Shipping Address\nAutoTest9765 JsvNM\nEmail: testing1748@gmail.com\nPhone: 9322156007\nFax:\nKLI4950\nTPLgT,622861352\nViet Nam] but found [Shipping Address\nAutoTest9765 JsvNM\nEmail: testing1748@gmail.com\nPhone: 9322156007\nFax:\nCTY syamo\nKLI4950\nTPLgT,622861352\nViet Nam]\r\n\tat org.testng.Assert.fail(Assert.java:96)\r\n\tat org.testng.Assert.failNotEquals(Assert.java:776)\r\n\tat org.testng.Assert.assertEqualsImpl(Assert.java:137)\r\n\tat org.testng.Assert.assertEquals(Assert.java:118)\r\n\tat org.testng.Assert.assertEquals(Assert.java:442)\r\n\tat commons.BaseTest.checkEquals(BaseTest.java:126)\r\n\tat commons.BaseTest.verifyEquals(BaseTest.java:138)\r\n\tat com.nopcommerce.register.OrderTabTest.TC_07_RE_ORDER(OrderTabTest.java:718)\r\n\tat java.base/jdk.internal.reflect.NativeMethodAccessorImpl.invoke0(Native Method)\r\n\tat java.base/jdk.internal.reflect.NativeMethodAccessorImpl.invoke(NativeMethodAccessorImpl.java:64)\r\n\tat java.base/jdk.internal.reflect.DelegatingMethodAccessorImpl.invoke(DelegatingMethodAccessorImpl.java:43)\r\n\tat java.base/java.lang.reflect.Method.invoke(Method.java:564)\r\n\tat org.testng.internal.MethodInvocationHelper.invokeMethod(MethodInvocationHelper.java:124)\r\n\tat org.testng.internal.Invoker.invokeMethod(Invoker.java:583)\r\n\tat org.testng.internal.Invoker.invokeTestMethod(Invoker.java:719)\r\n\tat org.testng.internal.Invoker.invokeTestMethods(Invoker.java:989)\r\n\tat org.testng.internal.TestMethodWorker.invokeTestMethods(TestMethodWorker.java:125)\r\n\tat org.testng.internal.TestMethodWorker.run(TestMethodWorker.java:109)\r\n\tat org.testng.TestRunner.privateRun(TestRunner.java:648)\r\n\tat org.testng.TestRunner.run(TestRunner.java:505)\r\n\tat org.testng.SuiteRunner.runTest(SuiteRunner.java:455)\r\n\tat org.testng.SuiteRunner.runSequentially(SuiteRunner.java:450)\r\n\tat org.testng.SuiteRunner.privateRun(SuiteRunner.java:415)\r\n\tat org.testng.SuiteRunner.run(SuiteRunner.java:364)\r\n\tat org.testng.SuiteRunnerWorker.runSuite(SuiteRunnerWorker.java:52)\r\n\tat org.testng.SuiteRunnerWorker.run(SuiteRunnerWorker.java:84)\r\n\tat org.testng.TestNG.runSuitesSequentially(TestNG.java:1208)\r\n\tat org.testng.TestNG.runSuitesLocally(TestNG.java:1137)\r\n\tat org.testng.TestNG.runSuites(TestNG.java:1049)\r\n\tat org.testng.TestNG.run(TestNG.java:1017)\r\n\tat org.testng.remote.AbstractRemoteTestNG.run(AbstractRemoteTestNG.java:115)\r\n\tat org.testng.remote.RemoteTestNG.initAndRun(RemoteTestNG.java:251)\r\n\tat org.testng.remote.RemoteTestNG.main(RemoteTestNG.java:77)\r\n\nFailure 2 of 2\njava.lang.AssertionError: expected [Shipping Address\nAutoTest9765 JsvNM\nEmail: testing1748@gmail.com\nPhone: 9322156007\nFax:\nKLI4950\nTPLgT,622861352\nViet Nam] but found [Shipping Address\nAutoTest9765 JsvNM\nEmail: testing1748@gmail.com\nPhone: 9322156007\nFax:\nCTY syamo\nKLI4950\nTPLgT,622861352\nViet Nam]\r\n\tat org.testng.Assert.fail(Assert.java:96)\r\n\tat org.testng.Assert.failNotEquals(Assert.java:776)\r\n\tat org.testng.Assert.assertEqualsImpl(Assert.java:137)\r\n\tat org.testng.Assert.assertEquals(Assert.java:118)\r\n\tat org.testng.Assert.assertEquals(Assert.java:442)\r\n\tat commons.BaseTest.checkEquals(BaseTest.java:126)\r\n\tat commons.BaseTest.verifyEquals(BaseTest.java:138)\r\n\tat com.nopcommerce.register.OrderTabTest.TC_07_RE_ORDER(OrderTabTest.java:795)\r\n\tat java.base/jdk.internal.reflect.NativeMethodAccessorImpl.invoke0(Native Method)\r\n\tat java.base/jdk.internal.reflect.NativeMethodAccessorImpl.invoke(NativeMethodAccessorImpl.java:64)\r\n\tat java.base/jdk.internal.reflect.DelegatingMethodAccessorImpl.invoke(DelegatingMethodAccessorImpl.java:43)\r\n\tat java.base/java.lang.reflect.Method.invoke(Method.java:564)\r\n\tat org.testng.internal.MethodInvocationHelper.invokeMethod(MethodInvocationHelper.java:124)\r\n\tat org.testng.internal.Invoker.invokeMethod(Invoker.java:583)\r\n\tat org.testng.internal.Invoker.invokeTestMethod(Invoker.java:719)\r\n\tat org.testng.internal.Invoker.invokeTestMethods(Invoker.java:989)\r\n\tat org.testng.internal.TestMethodWorker.invokeTestMethods(TestMethodWorker.java:125)\r\n\tat org.testng.internal.TestMethodWorker.run(TestMethodWorker.java:109)\r\n\tat org.testng.TestRunner.privateRun(TestRunner.java:648)\r\n\tat org.testng.TestRunner.run(TestRunner.java:505)\r\n\tat org.testng.SuiteRunner.runTest(SuiteRunner.java:455)\r\n\tat org.testng.SuiteRunner.runSequentially(SuiteRunner.java:450)\r\n\tat org.testng.SuiteRunner.privateRun(SuiteRunner.java:415)\r\n\tat org.testng.SuiteRunner.run(SuiteRunner.java:364)\r\n\tat org.testng.SuiteRunnerWorker.runSuite(SuiteRunnerWorker.java:52)\r\n\tat org.testng.SuiteRunnerWorker.run(SuiteRunnerWorker.java:84)\r\n\tat org.testng.TestNG.runSuitesSequentially(TestNG.java:1208)\r\n\tat org.testng.TestNG.runSuitesLocally(TestNG.java:1137)\r\n\tat org.testng.TestNG.runSuites(TestNG.java:1049)\r\n\tat org.testng.TestNG.run(TestNG.java:1017)\r\n\tat org.testng.remote.AbstractRemoteTestNG.run(AbstractRemoteTestNG.java:115)\r\n\tat org.testng.remote.RemoteTestNG.initAndRun(RemoteTestNG.java:251)\r\n\tat org.testng.remote.RemoteTestNG.main(RemoteTestNG.java:77)\r\n"},"stage":"finished","steps":[],"attachments":[],"parameters":[{"name":"url","value":"https://demo.nopcommerce.com/"},{"name":"browser","value":"chrome"}],"start":1644934795622,"stop":1644934829721,"uuid":"3518a9e3-061d-4a28-83b9-16703d57c3bd","historyId":"8bb19034f53acd97063dbb4865a1d5c8","fullName":"com.nopcommerce.register.OrderTabTest.TC_07_RE_ORDER","labels":[{"name":"package","value":"com.nopcommerce.register.OrderTabTest"},{"name":"testClass","value":"com.nopcommerce.register.OrderTabTest"},{"name":"testMethod","value":"TC_07_RE_ORDER"},{"name":"parentSuite","value":"Nop commerce"},{"name":"suite","value":"Run on CHROME"},{"name":"subSuite","value":"com.nopcommerce.register.OrderTabTest"},{"name":"host","value":"USERMIC-V3N629H"},{"name":"thread","value":"16036@USERMIC-V3N629H.main(1)"},{"name":"framework","value":"testng"},{"name":"language","value":"java"}],"links":[]}