{"name":"beforeClass","status":"broken","statusDetails":{"known":false,"muted":false,"flaky":false,"message":"java.io.FileNotFoundException: F:\\Desktop\\Hybrid-framework-nopommer-master\\src\\main\\resources\\browserExtendtions\\translate-4.1.0-fx.xpi (The system cannot find the path specified)\nBuild info: version: '3.141.59', revision: 'e82be7d358', time: '2018-11-14T08:17:03'\nSystem info: host: 'USERMIC-V3N629H', ip: '192.168.220.1', os.name: 'Windows 10', os.arch: 'amd64', os.version: '10.0', java.version: '15.0.2'\nDriver info: driver.version: FirefoxDriver","trace":"org.openqa.selenium.firefox.UnableToCreateProfileException: java.io.FileNotFoundException: F:\\Desktop\\Hybrid-framework-nopommer-master\\src\\main\\resources\\browserExtendtions\\translate-4.1.0-fx.xpi (The system cannot find the path specified)\nBuild info: version: '3.141.59', revision: 'e82be7d358', time: '2018-11-14T08:17:03'\nSystem info: host: 'USERMIC-V3N629H', ip: '192.168.220.1', os.name: 'Windows 10', os.arch: 'amd64', os.version: '10.0', java.version: '15.0.2'\nDriver info: driver.version: FirefoxDriver\r\n\tat org.openqa.selenium.firefox.FirefoxProfile.layoutOnDisk(FirefoxProfile.java:409)\r\n\tat org.openqa.selenium.firefox.FirefoxProfile.toJson(FirefoxProfile.java:360)\r\n\tat org.openqa.selenium.firefox.FirefoxOptions.asMap(FirefoxOptions.java:364)\r\n\tat org.openqa.selenium.MutableCapabilities.<init>(MutableCapabilities.java:48)\r\n\tat org.openqa.selenium.firefox.FirefoxDriver.dropCapabilities(FirefoxDriver.java:257)\r\n\tat org.openqa.selenium.firefox.FirefoxDriver.<init>(FirefoxDriver.java:147)\r\n\tat commons.BaseTest.getBrowserDriver(BaseTest.java:57)\r\n\tat com.nopcommerce.register.RegisterTabTest.beforeClass(RegisterTabTest.java:23)\r\n\tat java.base/jdk.internal.reflect.NativeMethodAccessorImpl.invoke0(Native Method)\r\n\tat java.base/jdk.internal.reflect.NativeMethodAccessorImpl.invoke(NativeMethodAccessorImpl.java:64)\r\n\tat java.base/jdk.internal.reflect.DelegatingMethodAccessorImpl.invoke(DelegatingMethodAccessorImpl.java:43)\r\n\tat java.base/java.lang.reflect.Method.invoke(Method.java:564)\r\n\tat org.testng.internal.MethodInvocationHelper.invokeMethod(MethodInvocationHelper.java:124)\r\n\tat org.testng.internal.MethodInvocationHelper.invokeMethodConsideringTimeout(MethodInvocationHelper.java:59)\r\n\tat org.testng.internal.Invoker.invokeConfigurationMethod(Invoker.java:458)\r\n\tat org.testng.internal.Invoker.invokeConfigurations(Invoker.java:222)\r\n\tat org.testng.internal.Invoker.invokeConfigurations(Invoker.java:142)\r\n\tat org.testng.internal.TestMethodWorker.invokeBeforeClassMethods(TestMethodWorker.java:168)\r\n\tat org.testng.internal.TestMethodWorker.run(TestMethodWorker.java:105)\r\n\tat org.testng.TestRunner.privateRun(TestRunner.java:648)\r\n\tat org.testng.TestRunner.run(TestRunner.java:505)\r\n\tat org.testng.SuiteRunner.runTest(SuiteRunner.java:455)\r\n\tat org.testng.SuiteRunner.runSequentially(SuiteRunner.java:450)\r\n\tat org.testng.SuiteRunner.privateRun(SuiteRunner.java:415)\r\n\tat org.testng.SuiteRunner.run(SuiteRunner.java:364)\r\n\tat org.testng.SuiteRunnerWorker.runSuite(SuiteRunnerWorker.java:52)\r\n\tat org.testng.SuiteRunnerWorker.run(SuiteRunnerWorker.java:84)\r\n\tat org.testng.TestNG.runSuitesSequentially(TestNG.java:1208)\r\n\tat org.testng.TestNG.runSuitesLocally(TestNG.java:1137)\r\n\tat org.testng.TestNG.runSuites(TestNG.java:1049)\r\n\tat org.testng.TestNG.run(TestNG.java:1017)\r\n\tat org.testng.remote.AbstractRemoteTestNG.run(AbstractRemoteTestNG.java:115)\r\n\tat org.testng.remote.RemoteTestNG.initAndRun(RemoteTestNG.java:251)\r\n\tat org.testng.remote.RemoteTestNG.main(RemoteTestNG.java:77)\r\nCaused by: java.io.FileNotFoundException: F:\\Desktop\\Hybrid-framework-nopommer-master\\src\\main\\resources\\browserExtendtions\\translate-4.1.0-fx.xpi (The system cannot find the path specified)\r\n\tat java.base/java.io.FileInputStream.open0(Native Method)\r\n\tat java.base/java.io.FileInputStream.open(FileInputStream.java:211)\r\n\tat java.base/java.io.FileInputStream.<init>(FileInputStream.java:153)\r\n\tat org.openqa.selenium.firefox.internal.FileExtension.obtainRootDirectory(FileExtension.java:109)\r\n\tat org.openqa.selenium.firefox.internal.FileExtension.installExtensionFromFileTo(FileExtension.java:92)\r\n\tat org.openqa.selenium.firefox.internal.FileExtension.writeTo(FileExtension.java:74)\r\n\tat org.openqa.selenium.firefox.FirefoxProfile.installExtensions(FirefoxProfile.java:425)\r\n\tat org.openqa.selenium.firefox.FirefoxProfile.layoutOnDisk(FirefoxProfile.java:403)\r\n\t... 33 more\r\n"},"stage":"finished","steps":[],"attachments":[],"parameters":[{"name":"url","value":"https://demo.nopcommerce.com/"},{"name":"browser","value":"firefox"}],"start":1641118229925,"stop":1641118229928,"uuid":"f7b464da-4238-4c95-9d72-082c90e06236","historyId":"666aaa9341d3d09ae6dfa05ed23637dd","fullName":"com.nopcommerce.register.RegisterTabTest.beforeClass","labels":[{"name":"package","value":"com.nopcommerce.register.RegisterTabTest"},{"name":"testClass","value":"com.nopcommerce.register.RegisterTabTest"},{"name":"testMethod","value":"beforeClass"},{"name":"parentSuite","value":"Nop commerce"},{"name":"suite","value":"Run on FIREFOX"},{"name":"subSuite","value":"com.nopcommerce.register.RegisterTabTest"},{"name":"host","value":"USERMIC-V3N629H"},{"name":"thread","value":"15100@USERMIC-V3N629H.main(1)"},{"name":"framework","value":"testng"},{"name":"language","value":"java"}],"links":[]}